<?xml version="1.0" encoding="UTF-8"?>
<testsuite name="BowlingTest" tests="8" skipped="0" failures="0" errors="0" timestamp="2021-09-07T15:09:21" hostname="Codurances-MacBook-Pro.local" time="0.752">
  <properties/>
  <testcase name="shouldReturn20WhenFirstTwoFramesAreStrikesFollowedBy1ForRemainingFrames()" classname="BowlingTest" time="0.296"/>
  <testcase name="shouldReturn20WhenFirstFrameIsASpareFollowedBy1ForRemainingFrames()" classname="BowlingTest" time="0.036"/>
  <testcase name="shouldReturn15WhenFramesAreHalf1Half2()" classname="BowlingTest" time="0.1"/>
  <testcase name="shouldReturn167WhenTheResultsAreIsKatalystDemoStringFour()" classname="BowlingTest" time="0.02"/>
  <testcase name="shouldReturn10WhenAllFramesScore1()" classname="BowlingTest" time="0.008"/>
  <testcase name="shouldReturn0WhenAllFramesAreMisses()" classname="BowlingTest" time="0.058"/>
  <testcase name="shouldReturn150WhenWhenEveryFrameIsASpareFollowedBy5ForBonusBall()" classname="BowlingTest" time="0.042"/>
  <testcase name="shouldReturn20WhenFirstFrameIsStrikeFollowedBy1ForRemainingFrames()" classname="BowlingTest" time="0.098"/>
  <system-out><![CDATA[]]></system-out>
  <system-err><![CDATA[]]></system-err>
</testsuite>
